# JRE version: Java(TM) SE Runtime Environment (8.0_181-b13) (build 1.8.0_181-b13)
# Java VM: Java HotSpot(TM) 64-Bit Server VM (25.181-b13 mixed mode windows-amd64 compressed oops)
Heap:
 PSYoungGen      total 216576K, used 48727K [0x00000000d5580000, 0x00000000e5400000, 0x0000000100000000)
  eden space 208384K, 19% used [0x00000000d5580000,0x00000000d7d185b0,0x00000000e2100000)
  from space 8192K, 99% used [0x00000000e4900000,0x00000000e50fd9d8,0x00000000e5100000)
  to   space 3072K, 0% used [0x00000000e5100000,0x00000000e5100000,0x00000000e5400000)
 ParOldGen       total 43008K, used 19139K [0x0000000080000000, 0x0000000082a00000, 0x00000000d5580000)
  object space 43008K, 44% used [0x0000000080000000,0x00000000812b0fd8,0x0000000082a00000)
 Metaspace       used 32585K, capacity 33570K, committed 33792K, reserved 1079296K
  class space    used 3963K, capacity 4229K, committed 4352K, reserved 1048576K
GC Heap History (10 events):
Event: 3.662 GC heap before
{Heap before GC invocations=6 (full 0):
 PSYoungGen      total 66048K, used 66048K [0x00000000d5580000, 0x00000000dde80000, 0x0000000100000000)
  eden space 63488K, 100% used [0x00000000d5580000,0x00000000d9380000,0x00000000d9380000)
  from space 2560K, 100% used [0x00000000d9380000,0x00000000d9600000,0x00000000d9600000)
  to   space 6656K, 0% used [0x00000000dd800000,0x00000000dd800000,0x00000000dde80000)
 ParOldGen       total 42496K, used 7952K [0x0000000080000000, 0x0000000082980000, 0x00000000d5580000)
  object space 42496K, 18% used [0x0000000080000000,0x00000000807c4008,0x0000000082980000)
 Metaspace       used 18703K, capacity 19004K, committed 19456K, reserved 1067008K
  class space    used 2103K, capacity 2212K, committed 2304K, reserved 1048576K
Event: 3.674 GC heap after
Heap after GC invocations=6 (full 0):
 PSYoungGen      total 132608K, used 6405K [0x00000000d5580000, 0x00000000de080000, 0x0000000100000000)
  eden space 125952K, 0% used [0x00000000d5580000,0x00000000d5580000,0x00000000dd080000)
  from space 6656K, 96% used [0x00000000dd800000,0x00000000dde41750,0x00000000dde80000)
  to   space 7680K, 0% used [0x00000000dd080000,0x00000000dd080000,0x00000000dd800000)
 ParOldGen       total 42496K, used 7960K [0x0000000080000000, 0x0000000082980000, 0x00000000d5580000)
  object space 42496K, 18% used [0x0000000080000000,0x00000000807c6008,0x0000000082980000)
 Metaspace       used 18703K, capacity 19004K, committed 19456K, reserved 1067008K
  class space    used 2103K, capacity 2212K, committed 2304K, reserved 1048576K
}
Event: 4.587 GC heap before
{Heap before GC invocations=7 (full 0):
 PSYoungGen      total 132608K, used 79656K [0x00000000d5580000, 0x00000000de080000, 0x0000000100000000)
  eden space 125952K, 58% used [0x00000000d5580000,0x00000000d9d08988,0x00000000dd080000)
  from space 6656K, 96% used [0x00000000dd800000,0x00000000dde41750,0x00000000dde80000)
  to   space 7680K, 0% used [0x00000000dd080000,0x00000000dd080000,0x00000000dd800000)
 ParOldGen       total 42496K, used 7960K [0x0000000080000000, 0x0000000082980000, 0x00000000d5580000)
  object space 42496K, 18% used [0x0000000080000000,0x00000000807c6008,0x0000000082980000)
 Metaspace       used 20726K, capacity 20998K, committed 21248K, reserved 1069056K
  class space    used 2319K, capacity 2444K, committed 2560K, reserved 1048576K
Event: 4.612 GC heap after
Heap after GC invocations=7 (full 0):
 PSYoungGen      total 133632K, used 6747K [0x00000000d5580000, 0x00000000e5b80000, 0x0000000100000000)
  eden space 125952K, 0% used [0x00000000d5580000,0x00000000d5580000,0x00000000dd080000)
  from space 7680K, 87% used [0x00000000dd080000,0x00000000dd716c40,0x00000000dd800000)
  to   space 8192K, 0% used [0x00000000e5380000,0x00000000e5380000,0x00000000e5b80000)
 ParOldGen       total 42496K, used 8925K [0x0000000080000000, 0x0000000082980000, 0x00000000d5580000)
  object space 42496K, 21% used [0x0000000080000000,0x00000000808b77b0,0x0000000082980000)
 Metaspace       used 20726K, capacity 20998K, committed 21248K, reserved 1069056K
  class space    used 2319K, capacity 2444K, committed 2560K, reserved 1048576K
}
Event: 4.612 GC heap before
{Heap before GC invocations=8 (full 1):
 PSYoungGen      total 133632K, used 6747K [0x00000000d5580000, 0x00000000e5b80000, 0x0000000100000000)
  eden space 125952K, 0% used [0x00000000d5580000,0x00000000d5580000,0x00000000dd080000)
  from space 7680K, 87% used [0x00000000dd080000,0x00000000dd716c40,0x00000000dd800000)
  to   space 8192K, 0% used [0x00000000e5380000,0x00000000e5380000,0x00000000e5b80000)
 ParOldGen       total 42496K, used 8925K [0x0000000080000000, 0x0000000082980000, 0x00000000d5580000)
  object space 42496K, 21% used [0x0000000080000000,0x00000000808b77b0,0x0000000082980000)
 Metaspace       used 20726K, capacity 20998K, committed 21248K, reserved 1069056K
  class space    used 2319K, capacity 2444K, committed 2560K, reserved 1048576K
Event: 4.709 GC heap after
Heap after GC invocations=8 (full 1):
 PSYoungGen      total 133632K, used 0K [0x00000000d5580000, 0x00000000e5b80000, 0x0000000100000000)
  eden space 125952K, 0% used [0x00000000d5580000,0x00000000d5580000,0x00000000dd080000)
  from space 7680K, 0% used [0x00000000dd080000,0x00000000dd080000,0x00000000dd800000)
  to   space 8192K, 0% used [0x00000000e5380000,0x00000000e5380000,0x00000000e5b80000)
 ParOldGen       total 43008K, used 13401K [0x0000000080000000, 0x0000000082a00000, 0x00000000d5580000)
  object space 43008K, 31% used [0x0000000080000000,0x0000000080d167f0,0x0000000082a00000)
 Metaspace       used 20726K, capacity 20998K, committed 21248K, reserved 1069056K
  class space    used 2319K, capacity 2444K, committed 2560K, reserved 1048576K
}
Event: 6.512 GC heap before
{Heap before GC invocations=9 (full 1):
 PSYoungGen      total 133632K, used 125952K [0x00000000d5580000, 0x00000000e5b80000, 0x0000000100000000)
  eden space 125952K, 100% used [0x00000000d5580000,0x00000000dd080000,0x00000000dd080000)
  from space 7680K, 0% used [0x00000000dd080000,0x00000000dd080000,0x00000000dd800000)
  to   space 8192K, 0% used [0x00000000e5380000,0x00000000e5380000,0x00000000e5b80000)
 ParOldGen       total 43008K, used 13401K [0x0000000080000000, 0x0000000082a00000, 0x00000000d5580000)
  object space 43008K, 31% used [0x0000000080000000,0x0000000080d167f0,0x0000000082a00000)
 Metaspace       used 24805K, capacity 25240K, committed 25600K, reserved 1071104K
  class space    used 2831K, capacity 2977K, committed 3072K, reserved 1048576K
Event: 6.523 GC heap after
Heap after GC invocations=9 (full 1):
 PSYoungGen      total 179200K, used 5609K [0x00000000d5580000, 0x00000000e5900000, 0x0000000100000000)
  eden space 173568K, 0% used [0x00000000d5580000,0x00000000d5580000,0x00000000dff00000)
  from space 5632K, 99% used [0x00000000e5380000,0x00000000e58fa750,0x00000000e5900000)
  to   space 8192K, 0% used [0x00000000e4900000,0x00000000e4900000,0x00000000e5100000)
 ParOldGen       total 43008K, used 13409K [0x0000000080000000, 0x0000000082a00000, 0x00000000d5580000)
  object space 43008K, 31% used [0x0000000080000000,0x0000000080d187f0,0x0000000082a00000)
 Metaspace       used 24805K, capacity 25240K, committed 25600K, reserved 1071104K
  class space    used 2831K, capacity 2977K, committed 3072K, reserved 1048576K
}
Event: 13.787 GC heap before
{Heap before GC invocations=10 (full 1):
 PSYoungGen      total 179200K, used 179177K [0x00000000d5580000, 0x00000000e5900000, 0x0000000100000000)
  eden space 173568K, 100% used [0x00000000d5580000,0x00000000dff00000,0x00000000dff00000)
  from space 5632K, 99% used [0x00000000e5380000,0x00000000e58fa750,0x00000000e5900000)
  to   space 8192K, 0% used [0x00000000e4900000,0x00000000e4900000,0x00000000e5100000)
 ParOldGen       total 43008K, used 13409K [0x0000000080000000, 0x0000000082a00000, 0x00000000d5580000)
  object space 43008K, 31% used [0x0000000080000000,0x0000000080d187f0,0x0000000082a00000)
 Metaspace       used 31971K, capacity 32910K, committed 33152K, reserved 1079296K
  class space    used 3891K, capacity 4136K, committed 4224K, reserved 1048576K
Event: 13.812 GC heap after
Heap after GC invocations=10 (full 1):
 PSYoungGen      total 216576K, used 8182K [0x00000000d5580000, 0x00000000e5400000, 0x0000000100000000)
  eden space 208384K, 0% used [0x00000000d5580000,0x00000000d5580000,0x00000000e2100000)
  from space 8192K, 99% used [0x00000000e4900000,0x00000000e50fd9d8,0x00000000e5100000)
  to   space 3072K, 0% used [0x00000000e5100000,0x00000000e5100000,0x00000000e5400000)
 ParOldGen       total 43008K, used 19139K [0x0000000080000000, 0x0000000082a00000, 0x00000000d5580000)
  object space 43008K, 44% used [0x0000000080000000,0x00000000812b0fd8,0x0000000082a00000)
 Metaspace       used 31971K, capacity 32910K, committed 33152K, reserved 1079296K
  class space    used 3891K, capacity 4136K, committed 4224K, reserved 1048576K
}

